<?xml version="1.0" encoding="UTF-8"?>
<!-- Generated by org.testng.reporters.JUnitXMLReporter -->
<testsuite hostname="PTL07706" name="Test" tests="19" failures="9" timestamp="26 Jul 2019 14:09:47 GMT" time="0.602" errors="0">
  <testcase name="loginTest" time="0.054" classname="testScripts.TestScript1">
    <failure type="java.lang.IllegalStateException" message="The driver executable does not exist: D:\MyWorkspace\SeleniumPractice\TestNGFramework\Drivers\chromedriver.exe">
      <![CDATA[java.lang.IllegalStateException: The driver executable does not exist: D:\MyWorkspace\SeleniumPractice\TestNGFramework\Drivers\chromedriver.exe
	at com.google.common.base.Preconditions.checkState(Preconditions.java:585)
	at org.openqa.selenium.remote.service.DriverService.checkExecutable(DriverService.java:146)
	at org.openqa.selenium.remote.service.DriverService.findExecutable(DriverService.java:141)
	at org.openqa.selenium.chrome.ChromeDriverService.access$000(ChromeDriverService.java:35)
	at org.openqa.selenium.chrome.ChromeDriverService$Builder.findDefaultExecutable(ChromeDriverService.java:159)
	at org.openqa.selenium.remote.service.DriverService$Builder.build(DriverService.java:355)
	at org.openqa.selenium.chrome.ChromeDriverService.createDefaultService(ChromeDriverService.java:94)
	at org.openqa.selenium.chrome.ChromeDriver.<init>(ChromeDriver.java:123)
	at libraries.ApplicationLibraries.launchbrowser(ApplicationLibraries.java:17)
	at testScripts.TestScript1.loginTest(TestScript1.java:21)
... Removed 25 stack frames]]>
    </failure>
  </testcase> <!-- loginTest -->
  <testcase name="loginTest" time="0.02" classname="testScripts.TestScript1">
    <failure type="java.lang.IllegalStateException" message="The driver executable does not exist: D:\MyWorkspace\SeleniumPractice\TestNGFramework\Drivers\chromedriver.exe">
      <![CDATA[java.lang.IllegalStateException: The driver executable does not exist: D:\MyWorkspace\SeleniumPractice\TestNGFramework\Drivers\chromedriver.exe
	at com.google.common.base.Preconditions.checkState(Preconditions.java:585)
	at org.openqa.selenium.remote.service.DriverService.checkExecutable(DriverService.java:146)
	at org.openqa.selenium.remote.service.DriverService.findExecutable(DriverService.java:141)
	at org.openqa.selenium.chrome.ChromeDriverService.access$000(ChromeDriverService.java:35)
	at org.openqa.selenium.chrome.ChromeDriverService$Builder.findDefaultExecutable(ChromeDriverService.java:159)
	at org.openqa.selenium.remote.service.DriverService$Builder.build(DriverService.java:355)
	at org.openqa.selenium.chrome.ChromeDriverService.createDefaultService(ChromeDriverService.java:94)
	at org.openqa.selenium.chrome.ChromeDriver.<init>(ChromeDriver.java:123)
	at libraries.ApplicationLibraries.launchbrowser(ApplicationLibraries.java:17)
	at testScripts.TestScript1.loginTest(TestScript1.java:21)
... Removed 25 stack frames]]>
    </failure>
  </testcase> <!-- loginTest -->
  <testcase name="loginTest" time="0.009" classname="testScripts.TestScript1">
    <failure type="java.lang.IllegalStateException" message="The driver executable does not exist: D:\MyWorkspace\SeleniumPractice\TestNGFramework\Drivers\chromedriver.exe">
      <![CDATA[java.lang.IllegalStateException: The driver executable does not exist: D:\MyWorkspace\SeleniumPractice\TestNGFramework\Drivers\chromedriver.exe
	at com.google.common.base.Preconditions.checkState(Preconditions.java:585)
	at org.openqa.selenium.remote.service.DriverService.checkExecutable(DriverService.java:146)
	at org.openqa.selenium.remote.service.DriverService.findExecutable(DriverService.java:141)
	at org.openqa.selenium.chrome.ChromeDriverService.access$000(ChromeDriverService.java:35)
	at org.openqa.selenium.chrome.ChromeDriverService$Builder.findDefaultExecutable(ChromeDriverService.java:159)
	at org.openqa.selenium.remote.service.DriverService$Builder.build(DriverService.java:355)
	at org.openqa.selenium.chrome.ChromeDriverService.createDefaultService(ChromeDriverService.java:94)
	at org.openqa.selenium.chrome.ChromeDriver.<init>(ChromeDriver.java:123)
	at libraries.ApplicationLibraries.launchbrowser(ApplicationLibraries.java:17)
	at testScripts.TestScript1.loginTest(TestScript1.java:21)
... Removed 25 stack frames]]>
    </failure>
  </testcase> <!-- loginTest -->
  <testcase name="loginTest" time="0.008" classname="testScripts.TestScript1">
    <failure type="java.lang.IllegalStateException" message="The driver executable does not exist: D:\MyWorkspace\SeleniumPractice\TestNGFramework\Drivers\chromedriver.exe">
      <![CDATA[java.lang.IllegalStateException: The driver executable does not exist: D:\MyWorkspace\SeleniumPractice\TestNGFramework\Drivers\chromedriver.exe
	at com.google.common.base.Preconditions.checkState(Preconditions.java:585)
	at org.openqa.selenium.remote.service.DriverService.checkExecutable(DriverService.java:146)
	at org.openqa.selenium.remote.service.DriverService.findExecutable(DriverService.java:141)
	at org.openqa.selenium.chrome.ChromeDriverService.access$000(ChromeDriverService.java:35)
	at org.openqa.selenium.chrome.ChromeDriverService$Builder.findDefaultExecutable(ChromeDriverService.java:159)
	at org.openqa.selenium.remote.service.DriverService$Builder.build(DriverService.java:355)
	at org.openqa.selenium.chrome.ChromeDriverService.createDefaultService(ChromeDriverService.java:94)
	at org.openqa.selenium.chrome.ChromeDriver.<init>(ChromeDriver.java:123)
	at libraries.ApplicationLibraries.launchbrowser(ApplicationLibraries.java:17)
	at testScripts.TestScript1.loginTest(TestScript1.java:21)
... Removed 25 stack frames]]>
    </failure>
  </testcase> <!-- loginTest -->
  <testcase name="loginTest" time="0.007" classname="testScripts.TestScript1">
    <failure type="java.lang.IllegalStateException" message="The driver executable does not exist: D:\MyWorkspace\SeleniumPractice\TestNGFramework\Drivers\chromedriver.exe">
      <![CDATA[java.lang.IllegalStateException: The driver executable does not exist: D:\MyWorkspace\SeleniumPractice\TestNGFramework\Drivers\chromedriver.exe
	at com.google.common.base.Preconditions.checkState(Preconditions.java:585)
	at org.openqa.selenium.remote.service.DriverService.checkExecutable(DriverService.java:146)
	at org.openqa.selenium.remote.service.DriverService.findExecutable(DriverService.java:141)
	at org.openqa.selenium.chrome.ChromeDriverService.access$000(ChromeDriverService.java:35)
	at org.openqa.selenium.chrome.ChromeDriverService$Builder.findDefaultExecutable(ChromeDriverService.java:159)
	at org.openqa.selenium.remote.service.DriverService$Builder.build(DriverService.java:355)
	at org.openqa.selenium.chrome.ChromeDriverService.createDefaultService(ChromeDriverService.java:94)
	at org.openqa.selenium.chrome.ChromeDriver.<init>(ChromeDriver.java:123)
	at libraries.ApplicationLibraries.launchbrowser(ApplicationLibraries.java:17)
	at testScripts.TestScript1.loginTest(TestScript1.java:21)
... Removed 25 stack frames]]>
    </failure>
  </testcase> <!-- loginTest -->
  <testcase name="loginTest" time="0.007" classname="testScripts.TestScript1">
    <failure type="java.lang.IllegalStateException" message="The driver executable does not exist: D:\MyWorkspace\SeleniumPractice\TestNGFramework\Drivers\chromedriver.exe">
      <![CDATA[java.lang.IllegalStateException: The driver executable does not exist: D:\MyWorkspace\SeleniumPractice\TestNGFramework\Drivers\chromedriver.exe
	at com.google.common.base.Preconditions.checkState(Preconditions.java:585)
	at org.openqa.selenium.remote.service.DriverService.checkExecutable(DriverService.java:146)
	at org.openqa.selenium.remote.service.DriverService.findExecutable(DriverService.java:141)
	at org.openqa.selenium.chrome.ChromeDriverService.access$000(ChromeDriverService.java:35)
	at org.openqa.selenium.chrome.ChromeDriverService$Builder.findDefaultExecutable(ChromeDriverService.java:159)
	at org.openqa.selenium.remote.service.DriverService$Builder.build(DriverService.java:355)
	at org.openqa.selenium.chrome.ChromeDriverService.createDefaultService(ChromeDriverService.java:94)
	at org.openqa.selenium.chrome.ChromeDriver.<init>(ChromeDriver.java:123)
	at libraries.ApplicationLibraries.launchbrowser(ApplicationLibraries.java:17)
	at testScripts.TestScript1.loginTest(TestScript1.java:21)
... Removed 25 stack frames]]>
    </failure>
  </testcase> <!-- loginTest -->
  <testcase name="loginTest" time="0.006" classname="testScripts.TestScript1">
    <failure type="java.lang.IllegalStateException" message="The driver executable does not exist: D:\MyWorkspace\SeleniumPractice\TestNGFramework\Drivers\chromedriver.exe">
      <![CDATA[java.lang.IllegalStateException: The driver executable does not exist: D:\MyWorkspace\SeleniumPractice\TestNGFramework\Drivers\chromedriver.exe
	at com.google.common.base.Preconditions.checkState(Preconditions.java:585)
	at org.openqa.selenium.remote.service.DriverService.checkExecutable(DriverService.java:146)
	at org.openqa.selenium.remote.service.DriverService.findExecutable(DriverService.java:141)
	at org.openqa.selenium.chrome.ChromeDriverService.access$000(ChromeDriverService.java:35)
	at org.openqa.selenium.chrome.ChromeDriverService$Builder.findDefaultExecutable(ChromeDriverService.java:159)
	at org.openqa.selenium.remote.service.DriverService$Builder.build(DriverService.java:355)
	at org.openqa.selenium.chrome.ChromeDriverService.createDefaultService(ChromeDriverService.java:94)
	at org.openqa.selenium.chrome.ChromeDriver.<init>(ChromeDriver.java:123)
	at libraries.ApplicationLibraries.launchbrowser(ApplicationLibraries.java:17)
	at testScripts.TestScript1.loginTest(TestScript1.java:21)
... Removed 25 stack frames]]>
    </failure>
  </testcase> <!-- loginTest -->
  <testcase name="loginTest" time="0.006" classname="testScripts.TestScript1">
    <failure type="java.lang.IllegalStateException" message="The driver executable does not exist: D:\MyWorkspace\SeleniumPractice\TestNGFramework\Drivers\chromedriver.exe">
      <![CDATA[java.lang.IllegalStateException: The driver executable does not exist: D:\MyWorkspace\SeleniumPractice\TestNGFramework\Drivers\chromedriver.exe
	at com.google.common.base.Preconditions.checkState(Preconditions.java:585)
	at org.openqa.selenium.remote.service.DriverService.checkExecutable(DriverService.java:146)
	at org.openqa.selenium.remote.service.DriverService.findExecutable(DriverService.java:141)
	at org.openqa.selenium.chrome.ChromeDriverService.access$000(ChromeDriverService.java:35)
	at org.openqa.selenium.chrome.ChromeDriverService$Builder.findDefaultExecutable(ChromeDriverService.java:159)
	at org.openqa.selenium.remote.service.DriverService$Builder.build(DriverService.java:355)
	at org.openqa.selenium.chrome.ChromeDriverService.createDefaultService(ChromeDriverService.java:94)
	at org.openqa.selenium.chrome.ChromeDriver.<init>(ChromeDriver.java:123)
	at libraries.ApplicationLibraries.launchbrowser(ApplicationLibraries.java:17)
	at testScripts.TestScript1.loginTest(TestScript1.java:21)
... Removed 25 stack frames]]>
    </failure>
  </testcase> <!-- loginTest -->
  <testcase name="test3" time="0.001" classname="logicTest.TestNG1"/>
  <testcase name="test2" time="0.003" classname="logicTest.TestNG1">
    <failure type="java.lang.AssertionError" message="expected [nand] but found [Anand]">
      <![CDATA[java.lang.AssertionError: expected [nand] but found [Anand]
	at logicTest.TestNG1.test2(TestNG1.java:19)
... Removed 31 stack frames]]>
    </failure>
  </testcase> <!-- test2 -->
  <testcase name="test1" time="0.002" classname="logicTest.TestNG1"/>
  <testcase name="loginTest" time="0.001" classname="logicTest.dataproviderconcept"/>
  <testcase name="loginTest" time="0.0" classname="logicTest.dataproviderconcept"/>
  <testcase name="loginTest" time="0.001" classname="logicTest.dataproviderconcept"/>
  <testcase name="loginTest" time="0.0" classname="logicTest.dataproviderconcept"/>
  <testcase name="loginTest" time="0.001" classname="logicTest.dataproviderconcept"/>
  <testcase name="loginTest" time="0.001" classname="logicTest.dataproviderconcept"/>
  <testcase name="loginTest" time="0.001" classname="logicTest.dataproviderconcept"/>
  <testcase name="loginTest" time="0.001" classname="logicTest.dataproviderconcept"/>
</testsuite> <!-- Test -->
